[debug] [2024-07-25T00:27:32.421Z] ----------------------------------------------------------------------
[debug] [2024-07-25T00:27:32.423Z] Command:       C:\Program Files\nodejs\node.exe C:\Users\conej\AppData\Roaming\npm\node_modules\firebase-tools\lib\bin\firebase.js deploy
[debug] [2024-07-25T00:27:32.424Z] CLI Version:   13.14.0
[debug] [2024-07-25T00:27:32.424Z] Platform:      win32
[debug] [2024-07-25T00:27:32.424Z] Node Version:  v22.4.1
[debug] [2024-07-25T00:27:32.424Z] Time:          Wed Jul 24 2024 18:27:32 GMT-0600 (hora estándar central)
[debug] [2024-07-25T00:27:32.424Z] ----------------------------------------------------------------------
[debug] 
[debug] [2024-07-25T00:27:32.479Z] > command requires scopes: ["email","openid","https://www.googleapis.com/auth/cloudplatformprojects.readonly","https://www.googleapis.com/auth/firebase","https://www.googleapis.com/auth/cloud-platform"]
[debug] [2024-07-25T00:27:32.479Z] > authorizing via signed-in user (luisrosalesochoa@gmail.com)
[debug] [2024-07-25T00:27:32.479Z] [iam] checking project cineclub-forever for permissions ["firebase.projects.get","firebasehosting.sites.update"]
[debug] [2024-07-25T00:27:32.480Z] > refreshing access token with scopes: []
[debug] [2024-07-25T00:27:32.481Z] >>> [apiv2][query] POST https://www.googleapis.com/oauth2/v3/token [none]
[debug] [2024-07-25T00:27:32.481Z] >>> [apiv2][body] POST https://www.googleapis.com/oauth2/v3/token [omitted]
[debug] [2024-07-25T00:27:32.751Z] <<< [apiv2][status] POST https://www.googleapis.com/oauth2/v3/token 400
[debug] [2024-07-25T00:27:32.751Z] <<< [apiv2][body] POST https://www.googleapis.com/oauth2/v3/token [omitted]
[debug] [2024-07-25T00:27:32.752Z] >>> [apiv2][query] POST https://cloudresourcemanager.googleapis.com/v1/projects/cineclub-forever:testIamPermissions [none]
[debug] [2024-07-25T00:27:32.752Z] >>> [apiv2][(partial)header] POST https://cloudresourcemanager.googleapis.com/v1/projects/cineclub-forever:testIamPermissions x-goog-quota-user=projects/cineclub-forever
[debug] [2024-07-25T00:27:32.752Z] >>> [apiv2][body] POST https://cloudresourcemanager.googleapis.com/v1/projects/cineclub-forever:testIamPermissions {"permissions":["firebase.projects.get","firebasehosting.sites.update"]}
[debug] [2024-07-25T00:27:33.123Z] <<< [apiv2][status] POST https://cloudresourcemanager.googleapis.com/v1/projects/cineclub-forever:testIamPermissions 401
[debug] [2024-07-25T00:27:33.123Z] <<< [apiv2][body] POST https://cloudresourcemanager.googleapis.com/v1/projects/cineclub-forever:testIamPermissions {"error":{"code":401,"message":"Request had invalid authentication credentials. Expected OAuth 2 access token, login cookie or other valid authentication credential. See https://developers.google.com/identity/sign-in/web/devconsole-project.","status":"UNAUTHENTICATED","details":[{"@type":"type.googleapis.com/google.rpc.ErrorInfo","reason":"ACCESS_TOKEN_TYPE_UNSUPPORTED","metadata":{"method":"google.cloudresourcemanager.v1.Projects.TestIamPermissions","service":"cloudresourcemanager.googleapis.com"}}]}}
[debug] [2024-07-25T00:27:33.124Z] [iam] error while checking permissions, command may fail: FirebaseError: HTTP Error: 401, Request had invalid authentication credentials. Expected OAuth 2 access token, login cookie or other valid authentication credential. See https://developers.google.com/identity/sign-in/web/devconsole-project.
[debug] [2024-07-25T00:27:33.124Z] > refreshing access token with scopes: []
[debug] [2024-07-25T00:27:33.124Z] >>> [apiv2][query] POST https://www.googleapis.com/oauth2/v3/token [none]
[debug] [2024-07-25T00:27:33.124Z] >>> [apiv2][body] POST https://www.googleapis.com/oauth2/v3/token [omitted]
[debug] [2024-07-25T00:27:33.251Z] <<< [apiv2][status] POST https://www.googleapis.com/oauth2/v3/token 400
[debug] [2024-07-25T00:27:33.251Z] <<< [apiv2][body] POST https://www.googleapis.com/oauth2/v3/token [omitted]
[debug] [2024-07-25T00:27:33.252Z] >>> [apiv2][query] GET https://firebase.googleapis.com/v1beta1/projects/cineclub-forever [none]
[debug] [2024-07-25T00:27:33.609Z] <<< [apiv2][status] GET https://firebase.googleapis.com/v1beta1/projects/cineclub-forever 401
[debug] [2024-07-25T00:27:33.609Z] <<< [apiv2][body] GET https://firebase.googleapis.com/v1beta1/projects/cineclub-forever {"error":{"code":401,"message":"Request had invalid authentication credentials. Expected OAuth 2 access token, login cookie or other valid authentication credential. See https://developers.google.com/identity/sign-in/web/devconsole-project.","status":"UNAUTHENTICATED"}}
[debug] [2024-07-25T00:27:33.610Z] HTTP Error: 401, Request had invalid authentication credentials. Expected OAuth 2 access token, login cookie or other valid authentication credential. See https://developers.google.com/identity/sign-in/web/devconsole-project.
[error] 
[error] Error: Assertion failed: resolving hosting target of a site with no site name or target name. This should have caused an error earlier
[debug] [2024-07-25T00:29:33.918Z] ----------------------------------------------------------------------
[debug] [2024-07-25T00:29:33.920Z] Command:       C:\Program Files\nodejs\node.exe C:\Users\conej\AppData\Roaming\npm\node_modules\firebase-tools\lib\bin\firebase.js deploy
[debug] [2024-07-25T00:29:33.920Z] CLI Version:   13.14.0
[debug] [2024-07-25T00:29:33.920Z] Platform:      win32
[debug] [2024-07-25T00:29:33.920Z] Node Version:  v22.4.1
[debug] [2024-07-25T00:29:33.920Z] Time:          Wed Jul 24 2024 18:29:33 GMT-0600 (hora estándar central)
[debug] [2024-07-25T00:29:33.921Z] ----------------------------------------------------------------------
[debug] 
[debug] [2024-07-25T00:29:33.972Z] > command requires scopes: ["email","openid","https://www.googleapis.com/auth/cloudplatformprojects.readonly","https://www.googleapis.com/auth/firebase","https://www.googleapis.com/auth/cloud-platform"]
[debug] [2024-07-25T00:29:33.972Z] > authorizing via signed-in user (luisrosalesochoa@gmail.com)
[debug] [2024-07-25T00:29:33.972Z] [iam] checking project cineclub-forever for permissions ["firebase.projects.get","firebasehosting.sites.update"]
[debug] [2024-07-25T00:29:33.973Z] > refreshing access token with scopes: []
[debug] [2024-07-25T00:29:33.975Z] >>> [apiv2][query] POST https://www.googleapis.com/oauth2/v3/token [none]
[debug] [2024-07-25T00:29:33.975Z] >>> [apiv2][body] POST https://www.googleapis.com/oauth2/v3/token [omitted]
[debug] [2024-07-25T00:29:34.209Z] <<< [apiv2][status] POST https://www.googleapis.com/oauth2/v3/token 400
[debug] [2024-07-25T00:29:34.209Z] <<< [apiv2][body] POST https://www.googleapis.com/oauth2/v3/token [omitted]
[debug] [2024-07-25T00:29:34.210Z] >>> [apiv2][query] POST https://cloudresourcemanager.googleapis.com/v1/projects/cineclub-forever:testIamPermissions [none]
[debug] [2024-07-25T00:29:34.210Z] >>> [apiv2][(partial)header] POST https://cloudresourcemanager.googleapis.com/v1/projects/cineclub-forever:testIamPermissions x-goog-quota-user=projects/cineclub-forever
[debug] [2024-07-25T00:29:34.210Z] >>> [apiv2][body] POST https://cloudresourcemanager.googleapis.com/v1/projects/cineclub-forever:testIamPermissions {"permissions":["firebase.projects.get","firebasehosting.sites.update"]}
[debug] [2024-07-25T00:29:34.383Z] <<< [apiv2][status] POST https://cloudresourcemanager.googleapis.com/v1/projects/cineclub-forever:testIamPermissions 401
[debug] [2024-07-25T00:29:34.383Z] <<< [apiv2][body] POST https://cloudresourcemanager.googleapis.com/v1/projects/cineclub-forever:testIamPermissions {"error":{"code":401,"message":"Request had invalid authentication credentials. Expected OAuth 2 access token, login cookie or other valid authentication credential. See https://developers.google.com/identity/sign-in/web/devconsole-project.","status":"UNAUTHENTICATED","details":[{"@type":"type.googleapis.com/google.rpc.ErrorInfo","reason":"ACCESS_TOKEN_TYPE_UNSUPPORTED","metadata":{"method":"google.cloudresourcemanager.v1.Projects.TestIamPermissions","service":"cloudresourcemanager.googleapis.com"}}]}}
[debug] [2024-07-25T00:29:34.385Z] [iam] error while checking permissions, command may fail: FirebaseError: HTTP Error: 401, Request had invalid authentication credentials. Expected OAuth 2 access token, login cookie or other valid authentication credential. See https://developers.google.com/identity/sign-in/web/devconsole-project.
[debug] [2024-07-25T00:29:34.385Z] > refreshing access token with scopes: []
[debug] [2024-07-25T00:29:34.385Z] >>> [apiv2][query] POST https://www.googleapis.com/oauth2/v3/token [none]
[debug] [2024-07-25T00:29:34.385Z] >>> [apiv2][body] POST https://www.googleapis.com/oauth2/v3/token [omitted]
[debug] [2024-07-25T00:29:34.492Z] <<< [apiv2][status] POST https://www.googleapis.com/oauth2/v3/token 400
[debug] [2024-07-25T00:29:34.492Z] <<< [apiv2][body] POST https://www.googleapis.com/oauth2/v3/token [omitted]
[debug] [2024-07-25T00:29:34.493Z] >>> [apiv2][query] GET https://firebase.googleapis.com/v1beta1/projects/cineclub-forever [none]
[debug] [2024-07-25T00:29:34.821Z] <<< [apiv2][status] GET https://firebase.googleapis.com/v1beta1/projects/cineclub-forever 401
[debug] [2024-07-25T00:29:34.821Z] <<< [apiv2][body] GET https://firebase.googleapis.com/v1beta1/projects/cineclub-forever {"error":{"code":401,"message":"Request had invalid authentication credentials. Expected OAuth 2 access token, login cookie or other valid authentication credential. See https://developers.google.com/identity/sign-in/web/devconsole-project.","status":"UNAUTHENTICATED"}}
[debug] [2024-07-25T00:29:34.822Z] HTTP Error: 401, Request had invalid authentication credentials. Expected OAuth 2 access token, login cookie or other valid authentication credential. See https://developers.google.com/identity/sign-in/web/devconsole-project.
[error] 
[error] Error: Assertion failed: resolving hosting target of a site with no site name or target name. This should have caused an error earlier
[debug] [2024-07-25T00:34:26.780Z] ----------------------------------------------------------------------
[debug] [2024-07-25T00:34:26.783Z] Command:       C:\Program Files\nodejs\node.exe C:\Users\conej\AppData\Roaming\npm\node_modules\firebase-tools\lib\bin\firebase.js deploy
[debug] [2024-07-25T00:34:26.783Z] CLI Version:   13.14.1
[debug] [2024-07-25T00:34:26.783Z] Platform:      win32
[debug] [2024-07-25T00:34:26.783Z] Node Version:  v22.4.1
[debug] [2024-07-25T00:34:26.783Z] Time:          Wed Jul 24 2024 18:34:26 GMT-0600 (hora estándar central)
[debug] [2024-07-25T00:34:26.783Z] ----------------------------------------------------------------------
[debug] 
[debug] [2024-07-25T00:34:26.838Z] > command requires scopes: ["email","openid","https://www.googleapis.com/auth/cloudplatformprojects.readonly","https://www.googleapis.com/auth/firebase","https://www.googleapis.com/auth/cloud-platform"]
[debug] [2024-07-25T00:34:26.838Z] > authorizing via signed-in user (luisrosalesochoa@gmail.com)
[debug] [2024-07-25T00:34:26.838Z] [iam] checking project cineclub-forever for permissions ["firebase.projects.get","firebasehosting.sites.update"]
[debug] [2024-07-25T00:34:26.839Z] > refreshing access token with scopes: []
[debug] [2024-07-25T00:34:26.840Z] >>> [apiv2][query] POST https://www.googleapis.com/oauth2/v3/token [none]
[debug] [2024-07-25T00:34:26.840Z] >>> [apiv2][body] POST https://www.googleapis.com/oauth2/v3/token [omitted]
[debug] [2024-07-25T00:34:27.124Z] <<< [apiv2][status] POST https://www.googleapis.com/oauth2/v3/token 400
[debug] [2024-07-25T00:34:27.124Z] <<< [apiv2][body] POST https://www.googleapis.com/oauth2/v3/token [omitted]
[debug] [2024-07-25T00:34:27.124Z] >>> [apiv2][query] POST https://cloudresourcemanager.googleapis.com/v1/projects/cineclub-forever:testIamPermissions [none]
[debug] [2024-07-25T00:34:27.124Z] >>> [apiv2][(partial)header] POST https://cloudresourcemanager.googleapis.com/v1/projects/cineclub-forever:testIamPermissions x-goog-quota-user=projects/cineclub-forever
[debug] [2024-07-25T00:34:27.124Z] >>> [apiv2][body] POST https://cloudresourcemanager.googleapis.com/v1/projects/cineclub-forever:testIamPermissions {"permissions":["firebase.projects.get","firebasehosting.sites.update"]}
[debug] [2024-07-25T00:34:27.499Z] <<< [apiv2][status] POST https://cloudresourcemanager.googleapis.com/v1/projects/cineclub-forever:testIamPermissions 401
[debug] [2024-07-25T00:34:27.500Z] <<< [apiv2][body] POST https://cloudresourcemanager.googleapis.com/v1/projects/cineclub-forever:testIamPermissions {"error":{"code":401,"message":"Request had invalid authentication credentials. Expected OAuth 2 access token, login cookie or other valid authentication credential. See https://developers.google.com/identity/sign-in/web/devconsole-project.","status":"UNAUTHENTICATED","details":[{"@type":"type.googleapis.com/google.rpc.ErrorInfo","reason":"ACCESS_TOKEN_TYPE_UNSUPPORTED","metadata":{"method":"google.cloudresourcemanager.v1.Projects.TestIamPermissions","service":"cloudresourcemanager.googleapis.com"}}]}}
[debug] [2024-07-25T00:34:27.501Z] [iam] error while checking permissions, command may fail: FirebaseError: HTTP Error: 401, Request had invalid authentication credentials. Expected OAuth 2 access token, login cookie or other valid authentication credential. See https://developers.google.com/identity/sign-in/web/devconsole-project.
[debug] [2024-07-25T00:34:27.503Z] > refreshing access token with scopes: []
[debug] [2024-07-25T00:34:27.503Z] >>> [apiv2][query] POST https://www.googleapis.com/oauth2/v3/token [none]
[debug] [2024-07-25T00:34:27.503Z] >>> [apiv2][body] POST https://www.googleapis.com/oauth2/v3/token [omitted]
[debug] [2024-07-25T00:34:27.588Z] <<< [apiv2][status] POST https://www.googleapis.com/oauth2/v3/token 400
[debug] [2024-07-25T00:34:27.589Z] <<< [apiv2][body] POST https://www.googleapis.com/oauth2/v3/token [omitted]
[debug] [2024-07-25T00:34:27.589Z] >>> [apiv2][query] GET https://firebase.googleapis.com/v1beta1/projects/cineclub-forever [none]
[debug] [2024-07-25T00:34:27.782Z] <<< [apiv2][status] GET https://firebase.googleapis.com/v1beta1/projects/cineclub-forever 401
[debug] [2024-07-25T00:34:27.782Z] <<< [apiv2][body] GET https://firebase.googleapis.com/v1beta1/projects/cineclub-forever {"error":{"code":401,"message":"Request had invalid authentication credentials. Expected OAuth 2 access token, login cookie or other valid authentication credential. See https://developers.google.com/identity/sign-in/web/devconsole-project.","status":"UNAUTHENTICATED"}}
[debug] [2024-07-25T00:34:27.783Z] HTTP Error: 401, Request had invalid authentication credentials. Expected OAuth 2 access token, login cookie or other valid authentication credential. See https://developers.google.com/identity/sign-in/web/devconsole-project.
[error] 
[error] Error: Assertion failed: resolving hosting target of a site with no site name or target name. This should have caused an error earlier
